Arguments: 
  /usr/local/bin/node /usr/local/bin/yarn

PATH: 
  /Library/Frameworks/Python.framework/Versions/3.6/bin:/usr/local/bin:/usr/bin:/bin:/usr/sbin:/sbin:/Library/Frameworks/Python.framework/Versions/3.6/bin

Yarn version: 
  0.18.1

Node version: 
  6.2.0

Platform: 
  darwin x64

npm manifest: 
  {
    "name": "sinopia",
    "version": "1.4.0",
    "description": "Private npm repository server",
    "author": {
      "name": "Alex Kocharin",
      "email": "alex@kocharin.ru"
    },
    "repository": {
      "type": "git",
      "url": "git://github.com/rlidwka/sinopia"
    },
    "main": "index.js",
    "bin": {
      "sinopia": "./bin/sinopia"
    },
    "dependencies": {
      "JSONStream": "1.x",
      "async": ">=0.9.0 <1.0.0-0",
      "body-parser": ">=1.9.2 <2.0.0-0",
      "bunyan": ">=0.22.1 <2.0.0-0",
      "commander": ">=2.3.0 <3.0.0-0",
      "compression": ">=1.2.0 <2.0.0-0",
      "cookies": ">=0.5.0 <1.0.0-0",
      "es6-shim": "0.21.x",
      "express": ">=5.0.0-0 <6.0.0-0",
      "express-json5": ">=0.1.0 <1.0.0-0",
      "handlebars": "2.x",
      "highlight.js": "8.x",
      "http-errors": ">=1.2.0",
      "jju": "1.x",
      "js-yaml": ">=3.0.1 <4.0.0-0",
      "lunr": ">=0.5.2 <1.0.0-0",
      "minimatch": ">=0.2.14 <2.0.0-0",
      "mkdirp": ">=0.3.5 <1.0.0-0",
      "player-link": "^2.0.0",
      "readable-stream": "~1.1.0",
      "render-readme": ">=0.2.1",
      "request": ">=2.31.0 <3.0.0-0",
      "semver": ">=2.2.1 <5.0.0-0",
      "sinopia-htpasswd": ">= 0.4.3"
    },
    "optionalDependencies": {
      "fs-ext": ">=0.4.1 <1.0.0-0",
      "crypt3": ">=0.1.6 <1.0.0-0"
    },
    "devDependencies": {
      "rimraf": ">=2.2.5 <3.0.0-0",
      "bluebird": "2 >=2.9",
      "mocha": "2 >=2.2.3",
      "eslint": "1 >=1.1.0",
      "browserify": "7.x",
      "browserify-handlebars": "1.x",
      "grunt": ">=0.4.4 <1.0.0-0",
      "grunt-cli": "*",
      "grunt-browserify": ">=2.0.8 <3.0.0-0",
      "grunt-contrib-less": ">=0.11.0 <1.0.0-0",
      "grunt-contrib-watch": ">=0.6.1 <1.0.0-0",
      "unopinionate": ">=0.0.4 <1.0.0-0",
      "onclick": ">=0.1.0 <1.0.0-0",
      "transition-complete": ">=0.0.2 <1.0.0-0"
    },
    "keywords": [
      "private",
      "package",
      "repository",
      "registry",
      "modules",
      "proxy",
      "server"
    ],
    "scripts": {
      "test": "eslint . && mocha ./test/functional ./test/unit",
      "test-travis": "eslint . && mocha -R spec ./test/functional ./test/unit",
      "test-only": "mocha ./test/functional ./test/unit",
      "lint": "eslint .",
      "prepublish": "js-yaml package.yaml > package.json",
      "clean-shrinkwrap": "node -e '\n  function clean(j) {\n    if (!j) return\n    for (var k in j) {\n      delete j[k].from\n      delete j[k].resolved\n      if (j[k].dependencies) clean(j[k].dependencies)\n    }\n  }\n  x = JSON.parse(require(\"fs\").readFileSync(\"./npm-shrinkwrap.json\"))\n  clean(x.dependencies)\n  x = JSON.stringify(x, null, \"  \")\n  require(\"fs\").writeFileSync(\"./npm-shrinkwrap.json\", x + \"\\n\")\n'\n"
    },
    "engines": {
      "node": ">=0.10"
    },
    "preferGlobal": true,
    "publishConfig": {
      "registry": "https://registry.npmjs.org/"
    },
    "license": {
      "type": "WTFPL",
      "url": "http://www.wtfpl.net/txt/copying/"
    }
  }

yarn manifest: 
  No manifest

Lockfile: 
  No lockfile

Trace: 
  Error: connect ECONNREFUSED 127.0.0.1:4873
      at Object.exports._errnoException (util.js:953:11)
      at exports._exceptionWithHostPort (util.js:976:20)
      at TCPConnectWrap.afterConnect [as oncomplete] (net.js:1080:14)
